src/app/admin/suddendeath/page.tsx(4,75): error TS2307: Cannot find module '@/components/ui/card' or its corresponding type declarations.
src/app/admin/suddendeath/page.tsx(5,24): error TS2307: Cannot find module '@/components/ui/button' or its corresponding type declarations.
src/app/admin/suddendeath/page.tsx(6,26): error TS2307: Cannot find module '@/components/ui/checkbox' or its corresponding type declarations.
src/app/admin/suddendeath/page.tsx(7,23): error TS2307: Cannot find module '@/components/ui/label' or its corresponding type declarations.
src/app/admin/suddendeath/page.tsx(8,79): error TS2307: Cannot find module '@/components/ui/table' or its corresponding type declarations.
src/app/admin/suddendeath/page.tsx(9,79): error TS2307: Cannot find module '@/components/ui/select' or its corresponding type declarations.
src/app/admin/suddendeath/page.tsx(10,29): error TS2307: Cannot find module '@/components/ui/multi-select' or its corresponding type declarations.
src/app/admin/suddendeath/page.tsx(11,23): error TS2307: Cannot find module '@/components/ui/input' or its corresponding type declarations.
src/app/admin/suddendeath/page.tsx(13,26): error TS2307: Cannot find module '@/hooks/use-toast' or its corresponding type declarations.
src/app/admin/suddendeath/page.tsx(14,20): error TS2307: Cannot find module '@/lib/firebase' or its corresponding type declarations.
src/app/admin/suddendeath/page.tsx(16,187): error TS2307: Cannot find module '@/components/ui/alert-dialog' or its corresponding type declarations.
src/app/admin/suddendeath/page.tsx(17,58): error TS2307: Cannot find module '@/components/ui/tabs' or its corresponding type declarations.
